# JRE version: Java(TM) SE Runtime Environment 18.9 (11.0.8+10) (build 11.0.8+10-LTS)
# Java VM: Java HotSpot(TM) 64-Bit Server VM 18.9 (11.0.8+10-LTS, mixed mode, tiered, compressed oops, parallel gc, windows-amd64)
Heap:
 PSYoungGen      total 36864K, used 30739K [0x00000000eab00000, 0x00000000ed800000, 0x0000000100000000)
  eden space 33792K, 82% used [0x00000000eab00000,0x00000000ec644ea8,0x00000000ecc00000)
  from space 3072K, 91% used [0x00000000ece80000,0x00000000ed13fe30,0x00000000ed180000)
  to   space 4608K, 0% used [0x00000000ed380000,0x00000000ed380000,0x00000000ed800000)
 ParOldGen       total 198656K, used 121366K [0x00000000c0000000, 0x00000000cc200000, 0x00000000eab00000)
  object space 198656K, 61% used [0x00000000c0000000,0x00000000c7685948,0x00000000cc200000)
 Metaspace       used 94535K, capacity 98539K, committed 99416K, reserved 1136640K
  class space    used 9913K, capacity 11283K, committed 11608K, reserved 1048576K
GC Heap History (10 events):
Event: 2531.734 GC heap before
{Heap before GC invocations=797 (full 19):
 PSYoungGen      total 41984K, used 41843K [0x00000000eab00000, 0x00000000ee100000, 0x0000000100000000)
  eden space 36352K, 99% used [0x00000000eab00000,0x00000000ece7ffd8,0x00000000ece80000)
  from space 5632K, 97% used [0x00000000edb80000,0x00000000ee0dce70,0x00000000ee100000)
  to   space 7680K, 0% used [0x00000000ed200000,0x00000000ed200000,0x00000000ed980000)
 ParOldGen       total 198656K, used 189509K [0x00000000c0000000, 0x00000000cc200000, 0x00000000eab00000)
  object space 198656K, 95% used [0x00000000c0000000,0x00000000cb911738,0x00000000cc200000)
 Metaspace       used 94281K, capacity 98332K, committed 99160K, reserved 1136640K
  class space    used 9901K, capacity 11278K, committed 11608K, reserved 1048576K
}
Event: 2531.737 GC heap after
{Heap after GC invocations=797 (full 19):
 PSYoungGen      total 43008K, used 7123K [0x00000000eab00000, 0x00000000edd00000, 0x0000000100000000)
  eden space 35840K, 0% used [0x00000000eab00000,0x00000000eab00000,0x00000000ece00000)
  from space 7168K, 99% used [0x00000000ed200000,0x00000000ed8f4f10,0x00000000ed900000)
  to   space 4096K, 0% used [0x00000000ed900000,0x00000000ed900000,0x00000000edd00000)
 ParOldGen       total 198656K, used 189517K [0x00000000c0000000, 0x00000000cc200000, 0x00000000eab00000)
  object space 198656K, 95% used [0x00000000c0000000,0x00000000cb913738,0x00000000cc200000)
 Metaspace       used 94281K, capacity 98332K, committed 99160K, reserved 1136640K
  class space    used 9901K, capacity 11278K, committed 11608K, reserved 1048576K
}
Event: 2536.318 GC heap before
{Heap before GC invocations=798 (full 19):
 PSYoungGen      total 43008K, used 42963K [0x00000000eab00000, 0x00000000edd00000, 0x0000000100000000)
  eden space 35840K, 100% used [0x00000000eab00000,0x00000000ece00000,0x00000000ece00000)
  from space 7168K, 99% used [0x00000000ed200000,0x00000000ed8f4f10,0x00000000ed900000)
  to   space 4096K, 0% used [0x00000000ed900000,0x00000000ed900000,0x00000000edd00000)
 ParOldGen       total 198656K, used 189517K [0x00000000c0000000, 0x00000000cc200000, 0x00000000eab00000)
  object space 198656K, 95% used [0x00000000c0000000,0x00000000cb913738,0x00000000cc200000)
 Metaspace       used 94350K, capacity 98396K, committed 99416K, reserved 1136640K
  class space    used 9901K, capacity 11278K, committed 11608K, reserved 1048576K
}
Event: 2536.322 GC heap after
{Heap after GC invocations=798 (full 19):
 PSYoungGen      total 39424K, used 4094K [0x00000000eab00000, 0x00000000ee280000, 0x0000000100000000)
  eden space 35328K, 0% used [0x00000000eab00000,0x00000000eab00000,0x00000000ecd80000)
  from space 4096K, 99% used [0x00000000ed900000,0x00000000edcffaa0,0x00000000edd00000)
  to   space 10752K, 0% used [0x00000000ecd80000,0x00000000ecd80000,0x00000000ed800000)
 ParOldGen       total 198656K, used 195211K [0x00000000c0000000, 0x00000000cc200000, 0x00000000eab00000)
  object space 198656K, 98% used [0x00000000c0000000,0x00000000cbea2d38,0x00000000cc200000)
 Metaspace       used 94350K, capacity 98396K, committed 99416K, reserved 1136640K
  class space    used 9901K, capacity 11278K, committed 11608K, reserved 1048576K
}
Event: 2536.322 GC heap before
{Heap before GC invocations=799 (full 20):
 PSYoungGen      total 39424K, used 4094K [0x00000000eab00000, 0x00000000ee280000, 0x0000000100000000)
  eden space 35328K, 0% used [0x00000000eab00000,0x00000000eab00000,0x00000000ecd80000)
  from space 4096K, 99% used [0x00000000ed900000,0x00000000edcffaa0,0x00000000edd00000)
  to   space 10752K, 0% used [0x00000000ecd80000,0x00000000ecd80000,0x00000000ed800000)
 ParOldGen       total 198656K, used 195211K [0x00000000c0000000, 0x00000000cc200000, 0x00000000eab00000)
  object space 198656K, 98% used [0x00000000c0000000,0x00000000cbea2d38,0x00000000cc200000)
 Metaspace       used 94350K, capacity 98396K, committed 99416K, reserved 1136640K
  class space    used 9901K, capacity 11278K, committed 11608K, reserved 1048576K
}
Event: 2536.421 GC heap after
{Heap after GC invocations=799 (full 20):
 PSYoungGen      total 35328K, used 0K [0x00000000eab00000, 0x00000000ee200000, 0x0000000100000000)
  eden space 34816K, 0% used [0x00000000eab00000,0x00000000eab00000,0x00000000ecd00000)
  from space 512K, 0% used [0x00000000ecd80000,0x00000000ecd80000,0x00000000ece00000)
  to   space 10752K, 0% used [0x00000000ed780000,0x00000000ed780000,0x00000000ee200000)
 ParOldGen       total 198656K, used 121358K [0x00000000c0000000, 0x00000000cc200000, 0x00000000eab00000)
  object space 198656K, 61% used [0x00000000c0000000,0x00000000c7683948,0x00000000cc200000)
 Metaspace       used 94350K, capacity 98396K, committed 99416K, reserved 1136640K
  class space    used 9901K, capacity 11278K, committed 11608K, reserved 1048576K
}
Event: 2537.990 GC heap before
{Heap before GC invocations=800 (full 20):
 PSYoungGen      total 35328K, used 34816K [0x00000000eab00000, 0x00000000ee200000, 0x0000000100000000)
  eden space 34816K, 100% used [0x00000000eab00000,0x00000000ecd00000,0x00000000ecd00000)
  from space 512K, 0% used [0x00000000ecd80000,0x00000000ecd80000,0x00000000ece00000)
  to   space 10752K, 0% used [0x00000000ed780000,0x00000000ed780000,0x00000000ee200000)
 ParOldGen       total 198656K, used 121358K [0x00000000c0000000, 0x00000000cc200000, 0x00000000eab00000)
  object space 198656K, 61% used [0x00000000c0000000,0x00000000c7683948,0x00000000cc200000)
 Metaspace       used 94433K, capacity 98460K, committed 99416K, reserved 1136640K
  class space    used 9906K, capacity 11278K, committed 11608K, reserved 1048576K
}
Event: 2537.992 GC heap after
{Heap after GC invocations=800 (full 20):
 PSYoungGen      total 40448K, used 5773K [0x00000000eab00000, 0x00000000edd80000, 0x0000000100000000)
  eden space 34304K, 0% used [0x00000000eab00000,0x00000000eab00000,0x00000000ecc80000)
  from space 6144K, 93% used [0x00000000ed780000,0x00000000edd23470,0x00000000edd80000)
  to   space 7680K, 0% used [0x00000000ece80000,0x00000000ece80000,0x00000000ed600000)
 ParOldGen       total 198656K, used 121358K [0x00000000c0000000, 0x00000000cc200000, 0x00000000eab00000)
  object space 198656K, 61% used [0x00000000c0000000,0x00000000c7683948,0x00000000cc200000)
 Metaspace       used 94433K, capacity 98460K, committed 99416K, reserved 1136640K
  class space    used 9906K, capacity 11278K, committed 11608K, reserved 1048576K
}
Event: 2538.356 GC heap before
{Heap before GC invocations=801 (full 20):
 PSYoungGen      total 40448K, used 40077K [0x00000000eab00000, 0x00000000edd80000, 0x0000000100000000)
  eden space 34304K, 100% used [0x00000000eab00000,0x00000000ecc80000,0x00000000ecc80000)
  from space 6144K, 93% used [0x00000000ed780000,0x00000000edd23470,0x00000000edd80000)
  to   space 7680K, 0% used [0x00000000ece80000,0x00000000ece80000,0x00000000ed600000)
 ParOldGen       total 198656K, used 121358K [0x00000000c0000000, 0x00000000cc200000, 0x00000000eab00000)
  object space 198656K, 61% used [0x00000000c0000000,0x00000000c7683948,0x00000000cc200000)
 Metaspace       used 94471K, capacity 98536K, committed 99416K, reserved 1136640K
  class space    used 9911K, capacity 11282K, committed 11608K, reserved 1048576K
}
Event: 2538.359 GC heap after
{Heap after GC invocations=801 (full 20):
 PSYoungGen      total 36864K, used 2815K [0x00000000eab00000, 0x00000000ed800000, 0x0000000100000000)
  eden space 33792K, 0% used [0x00000000eab00000,0x00000000eab00000,0x00000000ecc00000)
  from space 3072K, 91% used [0x00000000ece80000,0x00000000ed13fe30,0x00000000ed180000)
  to   space 4608K, 0% used [0x00000000ed380000,0x00000000ed380000,0x00000000ed800000)
 ParOldGen       total 198656K, used 121366K [0x00000000c0000000, 0x00000000cc200000, 0x00000000eab00000)
  object space 198656K, 61% used [0x00000000c0000000,0x00000000c7685948,0x00000000cc200000)
 Metaspace       used 94471K, capacity 98536K, committed 99416K, reserved 1136640K
  class space    used 9911K, capacity 11282K, committed 11608K, reserved 1048576K
}

